#
# A fatal error has been detected by the Java Runtime Environment:
#
#  EXCEPTION_ACCESS_VIOLATION (0xc0000005) at pc=0x0000000057868bbc, pid=7644, tid=0x0000000000002210
#
# JRE version: Java(TM) SE Runtime Environment (8.0_191-b12) (build 1.8.0_191-b12)
# Java VM: Java HotSpot(TM) 64-Bit Server VM (25.191-b12 mixed mode windows-amd64 compressed oops)
# Problematic frame:
# V  [jvm.dll+0x468bbc]
#
# Failed to write core dump. Minidumps are not enabled by default on client versions of Windows
#
# If you would like to submit a bug report, please visit:
#   http://bugreport.java.com/bugreport/crash.jsp
#

---------------  T H R E A D  ---------------

Current thread (0x0000000035afd800):  JavaThread "C2 CompilerThread2" daemon [_thread_in_native, id=8720, stack(0x000000003afc0000,0x000000003c3c0000)]

siginfo: ExceptionCode=0xc0000005, reading address 0xffffffffffffffff

Registers:
RAX=0x000400004d77e688, RBX=0x0000000042cac0c0, RCX=0x000000004e594c58, RDX=0x0000000000000001
RSP=0x000000003c3bc770, RBP=0x000400004d77e688, RSI=0x000000004e594c58, RDI=0x000000004dc8dd00
R8 =0x000000004f918888, R9 =0x0000000000000001, R10=0x000000000000001a, R11=0x0000000000000000
R12=0x000000003c3bcb80, R13=0x0000000000000000, R14=0x0000000000000018, R15=0x0000000000000003
RIP=0x0000000057868bbc, EFLAGS=0x0000000000010202

Top of Stack: (sp=0x000000003c3bc770)
0x000000003c3bc770:   0000000042ee33d0 0000000042cac0c0
0x000000003c3bc780:   000000004dc8dd00 ffffffffffffffff
0x000000003c3bc790:   00000050000003bc 000000004dc8dd00
0x000000003c3bc7a0:   0000000000000080 00000000000003bc
0x000000003c3bc7b0:   0000000000000000 0000000000000000
0x000000003c3bc7c0:   000000003c3bc890 00000000000003d8
0x000000003c3bc7d0:   0000000035dd99e8 0000000035dd9610
0x000000003c3bc7e0:   000000003c3bc910 0000000000000000
0x000000003c3bc7f0:   000000003c3bcb80 0000000035dd9600
0x000000003c3bc800:   0000000000000000 000000005786bcd4
0x000000003c3bc810:   000000003c3bcb80 000000003c3bc901
0x000000003c3bc820:   00000000ffffffff 0000000000000010
0x000000003c3bc830:   0000000000000006 0000000035dd9600
0x000000003c3bc840:   000000004e62bbe0 000000004e633600
0x000000003c3bc850:   000000004e633bc8 0000000001742770
0x000000003c3bc860:   0000000000000006 0000000035b04190 

Instructions: (pc=0x0000000057868bbc)
0x0000000057868b9c:   ce 49 8b 14 0e 49 8b 4c 24 48 44 8b 42 28 48 8b
0x0000000057868bac:   51 68 4a 8b 0c c2 f3 0f 10 41 08 0f 2f c1 77 3b
0x0000000057868bbc:   8b 00 21 43 38 8b 45 04 21 43 3c 8b 45 08 21 43
0x0000000057868bcc:   40 8b 45 0c 21 43 44 8b 45 10 21 43 48 8b 45 14 


Register to memory mapping:

RAX=0x000400004d77e688 is an unknown value
RBX=0x0000000042cac0c0 is an unknown value
RCX=0x000000004e594c58 is an unknown value
RDX=0x0000000000000001 is an unknown value
RSP=0x000000003c3bc770 is pointing into the stack for thread: 0x0000000035afd800
RBP=0x000400004d77e688 is an unknown value
RSI=0x000000004e594c58 is an unknown value
RDI=0x000000004dc8dd00 is an unknown value
R8 =0x000000004f918888 is an unknown value
R9 =0x0000000000000001 is an unknown value
R10=0x000000000000001a is an unknown value
R11=0x0000000000000000 is an unknown value
R12=0x000000003c3bcb80 is pointing into the stack for thread: 0x0000000035afd800
R13=0x0000000000000000 is an unknown value
R14=0x0000000000000018 is an unknown value
R15=0x0000000000000003 is an unknown value


Stack: [0x000000003afc0000,0x000000003c3c0000],  sp=0x000000003c3bc770,  free space=20465k
Native frames: (J=compiled Java code, j=interpreted, Vv=VM code, C=native code)
V  [jvm.dll+0x468bbc]
V  [jvm.dll+0x46bcd4]
V  [jvm.dll+0x47703b]
V  [jvm.dll+0x479947]
V  [jvm.dll+0x45c162]
V  [jvm.dll+0xa6c82]
V  [jvm.dll+0xa75cf]
V  [jvm.dll+0x2461df]
V  [jvm.dll+0x29eb9a]
C  [MSVCR100.dll+0x21d9f]
C  [MSVCR100.dll+0x21e3b]
C  [KERNEL32.DLL+0x13034]
C  [ntdll.dll+0x71461]


Current CompileTask:
C2:   6965 1390       4       au.edu.adelaide.fxmr.model.CMRxSolver::solve (1121 bytes)


---------------  P R O C E S S  ---------------

Java Threads: ( => current thread )
  0x000000004028d000 JavaThread "pool-2-thread-8" [_thread_in_Java, id=9228, stack(0x000000005c900000,0x000000005dd00000)]
  0x0000000040287800 JavaThread "pool-2-thread-7" [_thread_in_Java, id=9812, stack(0x000000005b500000,0x000000005c900000)]
  0x000000004028b800 JavaThread "pool-2-thread-6" [_thread_in_Java, id=11652, stack(0x000000005a100000,0x000000005b500000)]
  0x000000004028a800 JavaThread "pool-2-thread-5" [_thread_in_Java, id=12356, stack(0x0000000058d00000,0x000000005a100000)]
  0x000000004028d800 JavaThread "pool-2-thread-4" [_thread_in_Java, id=6000, stack(0x0000000055f30000,0x0000000057330000)]
  0x0000000040287000 JavaThread "pool-2-thread-3" [_thread_in_Java, id=9556, stack(0x0000000054b30000,0x0000000055f30000)]
  0x0000000040289000 JavaThread "pool-2-thread-2" [_thread_in_Java, id=11648, stack(0x0000000053730000,0x0000000054b30000)]
  0x000000004028c000 JavaThread "pool-2-thread-1" [_thread_in_Java, id=1420, stack(0x0000000052330000,0x0000000053730000)]
  0x0000000035b9c000 JavaThread "Service Thread" daemon [_thread_blocked, id=6300, stack(0x000000003d7c0000,0x000000003ebc0000)]
  0x0000000035aff000 JavaThread "C1 CompilerThread3" daemon [_thread_blocked, id=584, stack(0x000000003c3c0000,0x000000003d7c0000)]
=>0x0000000035afd800 JavaThread "C2 CompilerThread2" daemon [_thread_in_native, id=8720, stack(0x000000003afc0000,0x000000003c3c0000)]
  0x0000000035afc800 JavaThread "C2 CompilerThread1" daemon [_thread_in_native, id=5232, stack(0x0000000039bc0000,0x000000003afc0000)]
  0x0000000035afa000 JavaThread "C2 CompilerThread0" daemon [_thread_blocked, id=9400, stack(0x00000000387c0000,0x0000000039bc0000)]
  0x0000000035af8000 JavaThread "Attach Listener" daemon [_thread_blocked, id=5704, stack(0x00000000373c0000,0x00000000387c0000)]
  0x0000000016578800 JavaThread "Finalizer" daemon [_thread_blocked, id=6560, stack(0x0000000035ed0000,0x00000000372d0000)]
  0x000000003160d000 JavaThread "Reference Handler" daemon [_thread_blocked, id=7116, stack(0x00000000346d0000,0x0000000035ad0000)]
  0x000000000972e800 JavaThread "main" [_thread_blocked, id=4348, stack(0x0000000001100000,0x0000000002500000)]

Other Threads:
  0x0000000031609000 VMThread [stack: 0x00000000332d0000,0x00000000346d0000] [id=960]
  0x0000000035ba0800 WatcherThread [stack: 0x000000003ebc0000,0x000000003ffc0000] [id=7020]

VM state:not at safepoint (normal execution)

VM Mutex/Monitor currently owned by a thread: None

Heap:
 PSYoungGen      total 159232K, used 107294K [0x00000000f5580000, 0x00000000ffc00000, 0x0000000100000000)
  eden space 158720K, 67% used [0x00000000f5580000,0x00000000fbe1f860,0x00000000ff080000)
  from space 512K, 31% used [0x00000000ffb80000,0x00000000ffba8000,0x00000000ffc00000)
  to   space 4096K, 0% used [0x00000000ff400000,0x00000000ff400000,0x00000000ff800000)
 ParOldGen       total 175104K, used 4022K [0x00000000e0000000, 0x00000000eab00000, 0x00000000f5580000)
  object space 175104K, 2% used [0x00000000e0000000,0x00000000e03edb80,0x00000000eab00000)
 Metaspace       used 8875K, capacity 9160K, committed 9344K, reserved 1056768K
  class space    used 1107K, capacity 1140K, committed 1152K, reserved 1048576K

Card table byte_map: [0x0000000025950000,0x0000000025a60000] byte_map_base: 0x0000000025250000

Marking Bits: (ParMarkBitMap*) 0x0000000057c23e30
 Begin Bits: [0x000000002fb10000, 0x0000000030310000)
 End Bits:   [0x0000000030310000, 0x0000000030b10000)

Polling page: 0x0000000016460000

CodeCache: size=245760Kb used=8082Kb max_used=8126Kb free=237677Kb
 bounds [0x0000000016590000, 0x0000000016d90000, 0x0000000025590000]
 total_blobs=1794 nmethods=1469 adapters=237
 compilation: enabled

Compilation events (10 events):
Event: 6.623 Thread 0x0000000035afc800 1470       4       java.util.ArrayList::fastRemove (57 bytes)
Event: 6.625 Thread 0x0000000035afc800 nmethod 1470 0x0000000016d4ed50 code [0x0000000016d4eea0, 0x0000000016d4efd8]
Event: 6.717 Thread 0x0000000035afa000 nmethod 1389% 0x0000000016d6f210 code [0x0000000016d6f760, 0x0000000016d7b5e8]
Event: 6.717 Thread 0x0000000035afc800 1471   !   4       au.edu.adelaide.fxmr.joptimizer.optimizers.PrimalDualMethod::optimize (1808 bytes)
Event: 6.820 Thread 0x0000000035afa000 1472       4       au.edu.adelaide.fxmr.model.mr.MRProblem::addConstraint (86 bytes)
Event: 6.839 Thread 0x0000000035afa000 nmethod 1472 0x0000000016d5f110 code [0x0000000016d5f2c0, 0x0000000016d5fba8]
Event: 6.889 Thread 0x0000000035afa000 1473       4       au.edu.adelaide.fxmr.model.mr.MRSolver::setTolerance (42 bytes)
Event: 6.890 Thread 0x0000000035afa000 nmethod 1473 0x0000000016d50cd0 code [0x0000000016d50e40, 0x0000000016d50f18]
Event: 6.890 Thread 0x0000000035afa000 1474       4       au.edu.adelaide.fxmr.model.mr.MRSolver::<init> (33 bytes)
Event: 6.890 Thread 0x0000000035afa000 nmethod 1474 0x0000000016d5e250 code [0x0000000016d5e3c0, 0x0000000016d5e458]

GC Heap History (10 events):
Event: 6.351 GC heap before
{Heap before GC invocations=20 (full 0):
 PSYoungGen      total 167424K, used 162723K [0x00000000f5580000, 0x0000000100000000, 0x0000000100000000)
  eden space 161792K, 100% used [0x00000000f5580000,0x00000000ff380000,0x00000000ff380000)
  from space 5632K, 16% used [0x00000000ff380000,0x00000000ff468d70,0x00000000ff900000)
  to   space 5632K, 0% used [0x00000000ffa80000,0x00000000ffa80000,0x0000000100000000)
 ParOldGen       total 175104K, used 3307K [0x00000000e0000000, 0x00000000eab00000, 0x00000000f5580000)
  object space 175104K, 1% used [0x00000000e0000000,0x00000000e033ae10,0x00000000eab00000)
 Metaspace       used 8875K, capacity 9160K, committed 9344K, reserved 1056768K
  class space    used 1107K, capacity 1140K, committed 1152K, reserved 1048576K
Event: 6.355 GC heap after
Heap after GC invocations=20 (full 0):
 PSYoungGen      total 167936K, used 160K [0x00000000f5580000, 0x00000000fff00000, 0x0000000100000000)
  eden space 163328K, 0% used [0x00000000f5580000,0x00000000f5580000,0x00000000ff500000)
  from space 4608K, 3% used [0x00000000ffa80000,0x00000000ffaa8000,0x00000000fff00000)
  to   space 5120K, 0% used [0x00000000ff500000,0x00000000ff500000,0x00000000ffa00000)
 ParOldGen       total 175104K, used 4014K [0x00000000e0000000, 0x00000000eab00000, 0x00000000f5580000)
  object space 175104K, 2% used [0x00000000e0000000,0x00000000e03ebb80,0x00000000eab00000)
 Metaspace       used 8875K, capacity 9160K, committed 9344K, reserved 1056768K
  class space    used 1107K, capacity 1140K, committed 1152K, reserved 1048576K
}
Event: 6.495 GC heap before
{Heap before GC invocations=21 (full 0):
 PSYoungGen      total 167936K, used 163488K [0x00000000f5580000, 0x00000000fff00000, 0x0000000100000000)
  eden space 163328K, 100% used [0x00000000f5580000,0x00000000ff500000,0x00000000ff500000)
  from space 4608K, 3% used [0x00000000ffa80000,0x00000000ffaa8000,0x00000000fff00000)
  to   space 5120K, 0% used [0x00000000ff500000,0x00000000ff500000,0x00000000ffa00000)
 ParOldGen       total 175104K, used 4014K [0x00000000e0000000, 0x00000000eab00000, 0x00000000f5580000)
  object space 175104K, 2% used [0x00000000e0000000,0x00000000e03ebb80,0x00000000eab00000)
 Metaspace       used 8875K, capacity 9160K, committed 9344K, reserved 1056768K
  class space    used 1107K, capacity 1140K, committed 1152K, reserved 1048576K
Event: 6.496 GC heap after
Heap after GC invocations=21 (full 0):
 PSYoungGen      total 168448K, used 224K [0x00000000f5580000, 0x0000000100000000, 0x0000000100000000)
  eden space 163328K, 0% used [0x00000000f5580000,0x00000000f5580000,0x00000000ff500000)
  from space 5120K, 4% used [0x00000000ff500000,0x00000000ff538000,0x00000000ffa00000)
  to   space 5120K, 0% used [0x00000000ffb00000,0x00000000ffb00000,0x0000000100000000)
 ParOldGen       total 175104K, used 4022K [0x00000000e0000000, 0x00000000eab00000, 0x00000000f5580000)
  object space 175104K, 2% used [0x00000000e0000000,0x00000000e03edb80,0x00000000eab00000)
 Metaspace       used 8875K, capacity 9160K, committed 9344K, reserved 1056768K
  class space    used 1107K, capacity 1140K, committed 1152K, reserved 1048576K
}
Event: 6.630 GC heap before
{Heap before GC invocations=22 (full 0):
 PSYoungGen      total 168448K, used 163552K [0x00000000f5580000, 0x0000000100000000, 0x0000000100000000)
  eden space 163328K, 100% used [0x00000000f5580000,0x00000000ff500000,0x00000000ff500000)
  from space 5120K, 4% used [0x00000000ff500000,0x00000000ff538000,0x00000000ffa00000)
  to   space 5120K, 0% used [0x00000000ffb00000,0x00000000ffb00000,0x0000000100000000)
 ParOldGen       total 175104K, used 4022K [0x00000000e0000000, 0x00000000eab00000, 0x00000000f5580000)
  object space 175104K, 2% used [0x00000000e0000000,0x00000000e03edb80,0x00000000eab00000)
 Metaspace       used 8875K, capacity 9160K, committed 9344K, reserved 1056768K
  class space    used 1107K, capacity 1140K, committed 1152K, reserved 1048576K
Event: 6.631 GC heap after
Heap after GC invocations=22 (full 0):
 PSYoungGen      total 168448K, used 160K [0x00000000f5580000, 0x00000000fff00000, 0x0000000100000000)
  eden space 164352K, 0% used [0x00000000f5580000,0x00000000f5580000,0x00000000ff600000)
  from space 4096K, 3% used [0x00000000ffb00000,0x00000000ffb28000,0x00000000fff00000)
  to   space 4608K, 0% used [0x00000000ff600000,0x00000000ff600000,0x00000000ffa80000)
 ParOldGen       total 175104K, used 4022K [0x00000000e0000000, 0x00000000eab00000, 0x00000000f5580000)
  object space 175104K, 2% used [0x00000000e0000000,0x00000000e03edb80,0x00000000eab00000)
 Metaspace       used 8875K, capacity 9160K, committed 9344K, reserved 1056768K
  class space    used 1107K, capacity 1140K, committed 1152K, reserved 1048576K
}
Event: 6.740 GC heap before
{Heap before GC invocations=23 (full 0):
 PSYoungGen      total 168448K, used 164512K [0x00000000f5580000, 0x00000000fff00000, 0x0000000100000000)
  eden space 164352K, 100% used [0x00000000f5580000,0x00000000ff600000,0x00000000ff600000)
  from space 4096K, 3% used [0x00000000ffb00000,0x00000000ffb28000,0x00000000fff00000)
  to   space 4608K, 0% used [0x00000000ff600000,0x00000000ff600000,0x00000000ffa80000)
 ParOldGen       total 175104K, used 4022K [0x00000000e0000000, 0x00000000eab00000, 0x00000000f5580000)
  object space 175104K, 2% used [0x00000000e0000000,0x00000000e03edb80,0x00000000eab00000)
 Metaspace       used 8875K, capacity 9160K, committed 9344K, reserved 1056768K
  class space    used 1107K, capacity 1140K, committed 1152K, reserved 1048576K
Event: 6.740 GC heap after
Heap after GC invocations=23 (full 0):
 PSYoungGen      total 168960K, used 256K [0x00000000f5580000, 0x0000000100000000, 0x0000000100000000)
  eden space 164352K, 0% used [0x00000000f5580000,0x00000000f5580000,0x00000000ff600000)
  from space 4608K, 5% used [0x00000000ff600000,0x00000000ff640000,0x00000000ffa80000)
  to   space 4608K, 0% used [0x00000000ffb80000,0x00000000ffb80000,0x0000000100000000)
 ParOldGen       total 175104K, used 4022K [0x00000000e0000000, 0x00000000eab00000, 0x00000000f5580000)
  object space 175104K, 2% used [0x00000000e0000000,0x00000000e03edb80,0x00000000eab00000)
 Metaspace       used 8875K, capacity 9160K, committed 9344K, reserved 1056768K
  class space    used 1107K, capacity 1140K, committed 1152K, reserved 1048576K
}
Event: 6.864 GC heap before
{Heap before GC invocations=24 (full 0):
 PSYoungGen      total 168960K, used 164608K [0x00000000f5580000, 0x0000000100000000, 0x0000000100000000)
  eden space 164352K, 100% used [0x00000000f5580000,0x00000000ff600000,0x00000000ff600000)
  from space 4608K, 5% used [0x00000000ff600000,0x00000000ff640000,0x00000000ffa80000)
  to   space 4608K, 0% used [0x00000000ffb80000,0x00000000ffb80000,0x0000000100000000)
 ParOldGen       total 175104K, used 4022K [0x00000000e0000000, 0x00000000eab00000, 0x00000000f5580000)
  object space 175104K, 2% used [0x00000000e0000000,0x00000000e03edb80,0x00000000eab00000)
 Metaspace       used 8875K, capacity 9160K, committed 9344K, reserved 1056768K
  class space    used 1107K, capacity 1140K, committed 1152K, reserved 1048576K
Event: 6.865 GC heap after
Heap after GC invocations=24 (full 0):
 PSYoungGen      total 159232K, used 160K [0x00000000f5580000, 0x00000000ffc00000, 0x0000000100000000)
  eden space 158720K, 0% used [0x00000000f5580000,0x00000000f5580000,0x00000000ff080000)
  from space 512K, 31% used [0x00000000ffb80000,0x00000000ffba8000,0x00000000ffc00000)
  to   space 4096K, 0% used [0x00000000ff400000,0x00000000ff400000,0x00000000ff800000)
 ParOldGen       total 175104K, used 4022K [0x00000000e0000000, 0x00000000eab00000, 0x00000000f5580000)
  object space 175104K, 2% used [0x00000000e0000000,0x00000000e03edb80,0x00000000eab00000)
 Metaspace       used 8875K, capacity 9160K, committed 9344K, reserved 1056768K
  class space    used 1107K, capacity 1140K, committed 1152K, reserved 1048576K
}

Deoptimization events (10 events):
Event: 5.022 Thread 0x0000000040335800 Uncommon trap: reason=array_check action=maybe_recompile pc=0x0000000016cad10c method=java.util.AbstractCollection.toArray([Ljava/lang/Object;)[Ljava/lang/Object; @ 119
Event: 5.022 Thread 0x0000000040335800 Uncommon trap: reason=array_check action=maybe_recompile pc=0x0000000016cad10c method=java.util.AbstractCollection.toArray([Ljava/lang/Object;)[Ljava/lang/Object; @ 119
Event: 5.022 Thread 0x0000000040335800 Uncommon trap: reason=array_check action=maybe_recompile pc=0x0000000016cad10c method=java.util.AbstractCollection.toArray([Ljava/lang/Object;)[Ljava/lang/Object; @ 119
Event: 5.022 Thread 0x0000000040335800 Uncommon trap: reason=array_check action=maybe_recompile pc=0x0000000016cad10c method=java.util.AbstractCollection.toArray([Ljava/lang/Object;)[Ljava/lang/Object; @ 119
Event: 5.708 Thread 0x0000000040339800 Uncommon trap: reason=unstable_if action=reinterpret pc=0x0000000016c1a888 method=java.util.concurrent.locks.AbstractQueuedSynchronizer.release(I)Z @ 21
Event: 5.708 Thread 0x000000004033b800 Uncommon trap: reason=unstable_if action=reinterpret pc=0x0000000016c1a888 method=java.util.concurrent.locks.AbstractQueuedSynchronizer.release(I)Z @ 21
Event: 5.708 Thread 0x0000000040335800 Uncommon trap: reason=unstable_if action=reinterpret pc=0x0000000016c1a888 method=java.util.concurrent.locks.AbstractQueuedSynchronizer.release(I)Z @ 21
Event: 6.103 Thread 0x000000000972e800 Uncommon trap: reason=unstable_if action=reinterpret pc=0x000000001683e6e0 method=java.util.concurrent.ThreadPoolExecutor.execute(Ljava/lang/Runnable;)V @ 28
Event: 6.105 Thread 0x000000000972e800 Uncommon trap: reason=unstable_if action=reinterpret pc=0x000000001683d6d8 method=java.util.concurrent.LinkedBlockingQueue.offer(Ljava/lang/Object;)Z @ 113
Event: 6.466 Thread 0x0000000040287800 Uncommon trap: reason=unstable_if action=reinterpret pc=0x0000000016d46594 method=au.edu.adelaide.fxmr.model.mr.MRProblem.addConstraint(II[D)Z @ 37

Classes redefined (0 events):
No events

Internal exceptions (10 events):
Event: 6.101 Thread 0x000000000972e800 Exception <a 'java/lang/NoSuchFieldError': TYPE> (0x00000000fa0e2fe8) thrown at [C:\re\workspace\8-2-build-windows-amd64-cygwin\jdk8u191\11896\hotspot\src\share\vm\prims\jni.cpp, line 2599]
Event: 6.101 Thread 0x000000000972e800 Exception <a 'java/lang/NoSuchFieldError': TYPE> (0x00000000fa0e3220) thrown at [C:\re\workspace\8-2-build-windows-amd64-cygwin\jdk8u191\11896\hotspot\src\share\vm\prims\jni.cpp, line 2599]
Event: 6.101 Thread 0x000000000972e800 Exception <a 'java/lang/NoSuchFieldError': TYPE> (0x00000000fa0e3458) thrown at [C:\re\workspace\8-2-build-windows-amd64-cygwin\jdk8u191\11896\hotspot\src\share\vm\prims\jni.cpp, line 2599]
Event: 6.101 Thread 0x000000000972e800 Exception <a 'java/lang/NoSuchFieldError': TYPE> (0x00000000fa0e3690) thrown at [C:\re\workspace\8-2-build-windows-amd64-cygwin\jdk8u191\11896\hotspot\src\share\vm\prims\jni.cpp, line 2599]
Event: 6.101 Thread 0x000000000972e800 Exception <a 'java/lang/NoSuchFieldError': TYPE> (0x00000000fa0e38c8) thrown at [C:\re\workspace\8-2-build-windows-amd64-cygwin\jdk8u191\11896\hotspot\src\share\vm\prims\jni.cpp, line 2599]
Event: 6.102 Thread 0x000000000972e800 Exception <a 'java/lang/NoSuchFieldError': TYPE> (0x00000000fa0e3b00) thrown at [C:\re\workspace\8-2-build-windows-amd64-cygwin\jdk8u191\11896\hotspot\src\share\vm\prims\jni.cpp, line 2599]
Event: 6.102 Thread 0x000000000972e800 Exception <a 'java/lang/NoSuchFieldError': TYPE> (0x00000000fa0e3d38) thrown at [C:\re\workspace\8-2-build-windows-amd64-cygwin\jdk8u191\11896\hotspot\src\share\vm\prims\jni.cpp, line 2599]
Event: 6.102 Thread 0x000000000972e800 Exception <a 'java/lang/NoSuchFieldError': TYPE> (0x00000000fa0e3f70) thrown at [C:\re\workspace\8-2-build-windows-amd64-cygwin\jdk8u191\11896\hotspot\src\share\vm\prims\jni.cpp, line 2599]
Event: 6.102 Thread 0x000000000972e800 Exception <a 'java/lang/NoSuchFieldError': TYPE> (0x00000000fa0e41a8) thrown at [C:\re\workspace\8-2-build-windows-amd64-cygwin\jdk8u191\11896\hotspot\src\share\vm\prims\jni.cpp, line 2599]
Event: 6.102 Thread 0x000000000972e800 Exception <a 'java/lang/NoSuchFieldError': TYPE> (0x00000000fa0e43e0) thrown at [C:\re\workspace\8-2-build-windows-amd64-cygwin\jdk8u191\11896\hotspot\src\share\vm\prims\jni.cpp, line 2599]

Events (10 events):
Event: 6.863 Thread 0x0000000040289000 DEOPT PACKING pc=0x0000000016b461b9 sp=0x0000000054b2e9e0
Event: 6.863 Thread 0x0000000040289000 DEOPT UNPACKING pc=0x00000000165d7890 sp=0x0000000054b2e9e0 mode 0
Event: 6.864 Executing VM operation: ParallelGCFailedAllocation
Event: 6.865 Executing VM operation: ParallelGCFailedAllocation done
Event: 6.866 Thread 0x000000004028b800 DEOPT PACKING pc=0x0000000016b4616e sp=0x000000005b4fec40
Event: 6.866 Thread 0x000000004028b800 DEOPT UNPACKING pc=0x00000000165d7890 sp=0x000000005b4fec40 mode 0
Event: 6.885 Thread 0x000000004028d800 DEOPT PACKING pc=0x0000000016b4616e sp=0x000000005732ee40
Event: 6.885 Thread 0x000000004028d800 DEOPT UNPACKING pc=0x00000000165d7890 sp=0x000000005732ee40 mode 0
Event: 6.887 Thread 0x000000004028a800 DEOPT PACKING pc=0x0000000016b461b9 sp=0x000000005a0fedc0
Event: 6.887 Thread 0x000000004028a800 DEOPT UNPACKING pc=0x00000000165d7890 sp=0x000000005a0fedc0 mode 0


Dynamic libraries:
0x0000000000400000 - 0x00000000010ff000 	C:\Program Files\RStudio\bin\x64\rsession.exe
0x00007ffb5eed0000 - 0x00007ffb5f0b1000 	C:\WINDOWS\SYSTEM32\ntdll.dll
0x00007ffb5ea20000 - 0x00007ffb5ead2000 	C:\WINDOWS\System32\KERNEL32.DLL
0x00007ffb5b4b0000 - 0x00007ffb5b723000 	C:\WINDOWS\System32\KERNELBASE.dll
0x00007ffb5c8b0000 - 0x00007ffb5c951000 	C:\WINDOWS\System32\ADVAPI32.dll
0x00007ffb5e860000 - 0x00007ffb5e8fe000 	C:\WINDOWS\System32\msvcrt.dll
0x00007ffb5eae0000 - 0x00007ffb5eb3b000 	C:\WINDOWS\System32\sechost.dll
0x00007ffb5e700000 - 0x00007ffb5e824000 	C:\WINDOWS\System32\RPCRT4.dll
0x00007ffb5c960000 - 0x00007ffb5c988000 	C:\WINDOWS\System32\GDI32.dll
0x00007ffb5c1c0000 - 0x00007ffb5c352000 	C:\WINDOWS\System32\gdi32full.dll
0x00007ffb5ba10000 - 0x00007ffb5baaf000 	C:\WINDOWS\System32\msvcp_win.dll
0x00007ffb5b2a0000 - 0x00007ffb5b39a000 	C:\WINDOWS\System32\ucrtbase.dll
0x00007ffb5ecb0000 - 0x00007ffb5ee40000 	C:\WINDOWS\System32\USER32.dll
0x00007ffb5b780000 - 0x00007ffb5b7a0000 	C:\WINDOWS\System32\win32u.dll
0x00007ffb5c5a0000 - 0x00007ffb5c6f1000 	C:\WINDOWS\System32\ole32.dll
0x00007ffb5cec0000 - 0x00007ffb5d1e3000 	C:\WINDOWS\System32\combase.dll
0x00007ffb5b7a0000 - 0x00007ffb5b81a000 	C:\WINDOWS\System32\bcryptPrimitives.dll
0x00007ffb5d1f0000 - 0x00007ffb5e62f000 	C:\WINDOWS\System32\SHELL32.dll
0x00007ffb5b730000 - 0x00007ffb5b779000 	C:\WINDOWS\System32\cfgmgr32.dll
0x00007ffb5e900000 - 0x00007ffb5e9a9000 	C:\WINDOWS\System32\shcore.dll
0x00007ffb5a700000 - 0x00007ffb5a766000 	C:\WINDOWS\SYSTEM32\MSWSOCK.dll
0x00007ffb5bab0000 - 0x00007ffb5c1bd000 	C:\WINDOWS\System32\windows.storage.dll
0x00007ffb5eb40000 - 0x00007ffb5ebac000 	C:\WINDOWS\System32\WS2_32.dll
0x00007ffb5e9c0000 - 0x00007ffb5ea11000 	C:\WINDOWS\System32\shlwapi.dll
0x00007ffb5b230000 - 0x00007ffb5b241000 	C:\WINDOWS\System32\kernel.appcore.dll
0x00007ffb5b210000 - 0x00007ffb5b22f000 	C:\WINDOWS\System32\profapi.dll
0x00007ffb5b250000 - 0x00007ffb5b29c000 	C:\WINDOWS\System32\powrprof.dll
0x00007ffb5b200000 - 0x00007ffb5b20a000 	C:\WINDOWS\System32\FLTLIB.DLL
0x0000000063540000 - 0x00000000635a1000 	C:\Program Files\R\R-3.5.1\bin\x64\Rgraphapp.dll
0x000000006c700000 - 0x000000006e59d000 	C:\Program Files\R\R-3.5.1\bin\x64\R.dll
0x00007ffb5ebb0000 - 0x00007ffb5ec9d000 	C:\WINDOWS\System32\comdlg32.dll
0x00007ffb5e830000 - 0x00007ffb5e85d000 	C:\WINDOWS\System32\IMM32.dll
0x00007ffb4fb80000 - 0x00007ffb4fb8a000 	C:\WINDOWS\SYSTEM32\VERSION.dll
0x00007ffb587e0000 - 0x00007ffb58803000 	C:\WINDOWS\SYSTEM32\WINMM.dll
0x0000000064e80000 - 0x0000000064ed2000 	C:\Program Files\R\R-3.5.1\bin\x64\Rblas.dll
0x00007ffb4edc0000 - 0x00007ffb4ee67000 	C:\WINDOWS\WinSxS\amd64_microsoft.windows.common-controls_6595b64144ccf1df_5.82.17134.345_none_f95245bf3095c4c9\COMCTL32.dll
0x00000000641c0000 - 0x00000000641d6000 	C:\Program Files\R\R-3.5.1\bin\x64\Riconv.dll
0x00007ffb4fbf0000 - 0x00007ffb4fbf7000 	C:\WINDOWS\SYSTEM32\MSIMG32.dll
0x00007ffb587b0000 - 0x00007ffb587da000 	C:\WINDOWS\SYSTEM32\WINMMBASE.dll
0x00007ffb58c50000 - 0x00007ffb58ce8000 	C:\WINDOWS\system32\uxtheme.dll
0x0000000064a40000 - 0x0000000064a54000 	C:\Program Files\R\R-3.5.1\library\methods\libs\x64\methods.dll
0x000000006e5c0000 - 0x000000006e5ed000 	C:\Program Files\R\R-3.5.1\library\utils\libs\x64\utils.dll
0x000000006fc80000 - 0x000000006fdaa000 	C:\Program Files\R\R-3.5.1\library\grDevices\libs\x64\grDevices.dll
0x0000000063740000 - 0x0000000063791000 	C:\Program Files\R\R-3.5.1\library\graphics\libs\x64\graphics.dll
0x0000000071100000 - 0x00000000711a8000 	C:\Program Files\R\R-3.5.1\library\stats\libs\x64\stats.dll
0x000000000d280000 - 0x000000000d542000 	C:\Program Files\R\R-3.5.1\bin\x64\Rlapack.dll
0x0000000011cd0000 - 0x00000000130e2000 	C:\Program Files\RStudio\bin\rsclang\x86_64\libclang.dll
0x00007ffb5c360000 - 0x00007ffb5c37d000 	C:\WINDOWS\System32\imagehlp.dll
0x0000000013400000 - 0x0000000013420000 	C:\Program Files\R\R-3.5.1\library\tools\libs\x64\tools.dll
0x0000000065700000 - 0x0000000065b28000 	C:\PROGRA~1\R\R-35~1.1\modules\x64\internet.dll
0x00007ffb5b820000 - 0x00007ffb5ba02000 	C:\WINDOWS\System32\CRYPT32.dll
0x00007ffb5b1e0000 - 0x00007ffb5b1f2000 	C:\WINDOWS\System32\MSASN1.dll
0x00007ffb5ee40000 - 0x00007ffb5ee9f000 	C:\WINDOWS\System32\WLDAP32.dll
0x00007ffb431f0000 - 0x00007ffb4365f000 	C:\WINDOWS\SYSTEM32\WININET.dll
0x00007ffb58d30000 - 0x00007ffb58d59000 	C:\WINDOWS\system32\dwmapi.dll
0x00007ffb5b110000 - 0x00007ffb5b140000 	C:\WINDOWS\SYSTEM32\SspiCli.dll
0x0000000064080000 - 0x0000000064096000 	C:\Users\Michael\Documents\R\win-library\3.5\rJava\libs\x64\rJava.dll
0x0000000057400000 - 0x0000000057ca4000 	C:\Program Files\Java\jre1.8.0_191\bin\server\jvm.dll
0x00007ffb5c700000 - 0x00007ffb5c708000 	C:\WINDOWS\System32\PSAPI.DLL
0x00007ffb41e30000 - 0x00007ffb41e39000 	C:\WINDOWS\SYSTEM32\WSOCK32.dll
0x0000000058560000 - 0x0000000058632000 	C:\WINDOWS\SYSTEM32\MSVCR100.dll
0x0000000058cf0000 - 0x0000000058cff000 	C:\Program Files\Java\jre1.8.0_191\bin\verify.dll
0x0000000058530000 - 0x0000000058559000 	C:\Program Files\Java\jre1.8.0_191\bin\java.dll
0x0000000058510000 - 0x0000000058526000 	C:\Program Files\Java\jre1.8.0_191\bin\zip.dll
0x000000006ea80000 - 0x000000006eaa8000 	C:\Program Files\R\R-3.5.1\library\grid\libs\x64\grid.dll
0x000000006abc0000 - 0x000000006acc5000 	C:\Users\Michael\Documents\R\win-library\3.5\Rcpp\libs\x64\Rcpp.dll
0x0000000041d80000 - 0x0000000041d97000 	C:\Users\Michael\Documents\R\win-library\3.5\colorspace\libs\x64\colorspace.dll
0x0000000066340000 - 0x00000000663fd000 	C:\Users\Michael\Documents\R\win-library\3.5\plyr\libs\x64\plyr.dll
0x0000000062dc0000 - 0x0000000062e82000 	C:\Users\Michael\Documents\R\win-library\3.5\scales\libs\x64\scales.dll
0x00000000629c0000 - 0x00000000629ce000 	C:\Users\Michael\Documents\R\win-library\3.5\lazyeval\libs\x64\lazyeval.dll
0x00000000425a0000 - 0x00000000425bb000 	C:\Users\Michael\Documents\R\win-library\3.5\rlang\libs\x64\rlang.dll
0x0000000061c00000 - 0x0000000061c0e000 	C:\Users\Michael\Documents\R\win-library\3.5\tibble\libs\x64\tibble.dll
0x00000000425c0000 - 0x0000000042699000 	C:\Users\Michael\Documents\R\win-library\3.5\bindrcpp\libs\x64\bindrcpp.dll
0x0000000063400000 - 0x000000006340e000 	C:\Users\Michael\Documents\R\win-library\3.5\glue\libs\x64\glue.dll
0x0000000065b40000 - 0x0000000065b4f000 	C:\Users\Michael\Documents\R\win-library\3.5\purrr\libs\x64\purrr.dll
0x0000000068900000 - 0x00000000689c2000 	C:\Users\Michael\Documents\R\win-library\3.5\tidyselect\libs\x64\tidyselect.dll
0x00000000426a0000 - 0x00000000428f8000 	C:\Users\Michael\Documents\R\win-library\3.5\dplyr\libs\x64\dplyr.dll
0x00007ffb5ad30000 - 0x00007ffb5aef9000 	C:\WINDOWS\SYSTEM32\dbghelp.dll

VM Arguments:
jvm_args: -Dr.arch=/x64 -Xmx512m -Xrs 
java_command: <unknown>
java_class_path (initial): C:/Users/Michael/Documents/R/win-library/3.5/rJava/java/boot
Launcher Type: generic

Environment Variables:
PATH=C:\Program Files\R\R-3.5.1\bin\x64;C:\Program Files (x86)\Common Files\Oracle\Java\javapath;C:\Program Files (x86)\Intel\iCLS Client\;C:\Program Files\Intel\iCLS Client\;C:\Windows\system32;C:\Windows;C:\Windows\System32\Wbem;C:\Windows\System32\WindowsPowerShell\v1.0\;C:\Program Files (x86)\Intel\Intel(R) Management Engine Components\DAL;C:\Program Files\Intel\Intel(R) Management Engine Components\DAL;C:\Program Files (x86)\Intel\Intel(R) Management Engine Components\IPT;C:\Program Files\Intel\Intel(R) Management Engine Components\IPT;C:\Program Files\Intel\WiFi\bin\;C:\Program Files\Common Files\Intel\WirelessCommon\;C:\Program Files (x86)\NVIDIA Corporation\PhysX\Common;C:\WINDOWS\system32;C:\WINDOWS;C:\WINDOWS\System32\Wbem;C:\WINDOWS\System32\WindowsPowerShell\v1.0\;C:\Program Files\MATLAB\R2016a\runtime\win64;C:\Program Files\MATLAB\R2016a\bin;C:\Program Files\SlikSvn\bin;C:\WINDOWS\System32\OpenSSH\;C:\Users\Michael\AppData\Local\Microsoft\WindowsApps;
USERNAME=Michael
DISPLAY=:0
OS=Windows_NT
PROCESSOR_IDENTIFIER=Intel64 Family 6 Model 158 Stepping 9, GenuineIntel



---------------  S Y S T E M  ---------------

OS: Windows 10.0 , 64 bit Build 17134 (10.0.17134.1)

CPU:total 8 (initial active 8) (4 cores per cpu, 2 threads per core) family 6 model 158 stepping 9, cmov, cx8, fxsr, mmx, sse, sse2, sse3, ssse3, sse4.1, sse4.2, popcnt, avx, avx2, aes, clmul, erms, 3dnowpref, lzcnt, ht, tsc, tscinvbit, bmi1, bmi2, adx

Memory: 4k page, physical 16663164k(12682396k free), swap 19153532k(14000804k free)

vm_info: Java HotSpot(TM) 64-Bit Server VM (25.191-b12) for windows-amd64 JRE (1.8.0_191-b12), built on Oct  6 2018 09:29:03 by "java_re" with MS VC++ 10.0 (VS2010)

time: Sun Oct 28 18:09:52 2018
elapsed time: 6 seconds (0d 0h 0m 6s)

